[debug] [2025-07-15T15:08:36.749Z] ----------------------------------------------------------------------
[debug] [2025-07-15T15:08:36.766Z] Command:       C:\Users\zayed\DOWNLO~1\firebase-tools-instant-win.exe C:\Users\parve\.cache\firebase\tools\lib\node_modules\firebase-tools\lib\bin\firebase init
[debug] [2025-07-15T15:08:36.767Z] CLI Version:   14.10.1
[debug] [2025-07-15T15:08:36.767Z] Platform:      win32
[debug] [2025-07-15T15:08:36.767Z] Node Version:  v20.18.2
[debug] [2025-07-15T15:08:36.768Z] Time:          Tue Jul 15 2025 20:38:36 GMT+0530 (India Standard Time)
[debug] [2025-07-15T15:08:36.768Z] ----------------------------------------------------------------------
[debug] 
[debug] [2025-07-15T15:08:36.782Z] > command requires scopes: ["email","openid","https://www.googleapis.com/auth/cloudplatformprojects.readonly","https://www.googleapis.com/auth/firebase","https://www.googleapis.com/auth/cloud-platform"]
[debug] [2025-07-15T15:08:36.788Z] > authorizing via signed-in user (amanzayed90@gmail.com)
[info] 
     ######## #### ########  ######## ########     ###     ######  ########
     ##        ##  ##     ## ##       ##     ##  ##   ##  ##       ##
     ######    ##  ########  ######   ########  #########  ######  ######
     ##        ##  ##    ##  ##       ##     ## ##     ##       ## ##
     ##       #### ##     ## ######## ########  ##     ##  ######  ########

You're about to initialize a Firebase project in this directory:

  C:\RRP2\careerON

Before we get started, keep in mind:

  * You are currently outside your home directory

[info] 
=== Project Setup
[info] 
[info] First, let's associate this project directory with a Firebase project.
[info] You can create multiple project aliases by running firebase use --add, 
[info] but for now we'll just set up a default project.
[info] 
[debug] [2025-07-15T15:13:35.722Z] Checked if tokens are valid: true, expires at: 1752595610928
[debug] [2025-07-15T15:13:35.726Z] Checked if tokens are valid: true, expires at: 1752595610928
[debug] [2025-07-15T15:13:35.761Z] >>> [apiv2][query] GET https://firebase.googleapis.com/v1beta1/projects pageSize=100
[debug] [2025-07-15T15:13:36.899Z] <<< [apiv2][status] GET https://firebase.googleapis.com/v1beta1/projects 200
[debug] [2025-07-15T15:13:36.900Z] <<< [apiv2][body] GET https://firebase.googleapis.com/v1beta1/projects [omitted]
[debug] [2025-07-15T15:20:11.846Z] ----------------------------------------------------------------------
[debug] [2025-07-15T15:20:11.848Z] Command:       C:\Users\zayed\DOWNLO~1\firebase-tools-instant-win.exe C:\Users\parve\.cache\firebase\tools\lib\node_modules\firebase-tools\lib\bin\firebase init
[debug] [2025-07-15T15:20:11.849Z] CLI Version:   14.10.1
[debug] [2025-07-15T15:20:11.849Z] Platform:      win32
[debug] [2025-07-15T15:20:11.849Z] Node Version:  v20.18.2
[debug] [2025-07-15T15:20:11.849Z] Time:          Tue Jul 15 2025 20:50:11 GMT+0530 (India Standard Time)
[debug] [2025-07-15T15:20:11.849Z] ----------------------------------------------------------------------
[debug] 
[debug] [2025-07-15T15:20:11.856Z] > command requires scopes: ["email","openid","https://www.googleapis.com/auth/cloudplatformprojects.readonly","https://www.googleapis.com/auth/firebase","https://www.googleapis.com/auth/cloud-platform"]
[debug] [2025-07-15T15:20:11.856Z] > authorizing via signed-in user (amanbangofira@gmail.com)
[info] 
     ######## #### ########  ######## ########     ###     ######  ########
     ##        ##  ##     ## ##       ##     ##  ##   ##  ##       ##
     ######    ##  ########  ######   ########  #########  ######  ######
     ##        ##  ##    ##  ##       ##     ## ##     ##       ## ##
     ##       #### ##     ## ######## ########  ##     ##  ######  ########

You're about to initialize a Firebase project in this directory:

  C:\RRP2\careerON

Before we get started, keep in mind:

  * You are currently outside your home directory

[info] 
=== Project Setup
[info] 
[info] First, let's associate this project directory with a Firebase project.
[info] You can create multiple project aliases by running firebase use --add, 
[info] but for now we'll just set up a default project.
[info] 
[debug] [2025-07-15T15:22:28.199Z] Checked if tokens are valid: true, expires at: 1752596371785
[debug] [2025-07-15T15:22:28.200Z] Checked if tokens are valid: true, expires at: 1752596371785
[debug] [2025-07-15T15:22:28.211Z] >>> [apiv2][query] GET https://firebase.googleapis.com/v1beta1/projects pageSize=100
[debug] [2025-07-15T15:22:28.994Z] <<< [apiv2][status] GET https://firebase.googleapis.com/v1beta1/projects 200
[debug] [2025-07-15T15:22:28.994Z] <<< [apiv2][body] GET https://firebase.googleapis.com/v1beta1/projects [omitted]
[error] 
[error] Error: There are no Firebase projects associated with this account.
[debug] [2025-07-15T15:22:29.448Z] Error: EPERM: operation not permitted, unlink 'C:\RRP2\careerON\firebase-debug.log'
    at Object.unlinkSync (node:fs:1885:11)
    at process.<anonymous> (C:\Users\parve\.cache\firebase\tools\lib\node_modules\firebase-tools\lib\bin\cli.js:44:16)
    at process.emit (node:events:530:35)
    at process.exit (node:internal/process/per_thread:185:15)
    at Timeout._onTimeout (C:\Users\parve\.cache\firebase\tools\lib\node_modules\firebase-tools\lib\errorOut.js:20:17)
    at listOnTimeout (node:internal/timers:581:17)
    at process.processTimers (node:internal/timers:519:7)
[error] 
[error] Error: An unexpected error has occurred.
[debug] [2025-07-15T15:25:12.425Z] ----------------------------------------------------------------------
[debug] [2025-07-15T15:25:12.447Z] Command:       C:\Users\zayed\DOWNLO~1\firebase-tools-instant-win.exe C:\Users\parve\.cache\firebase\tools\lib\node_modules\firebase-tools\lib\bin\firebase init
[debug] [2025-07-15T15:25:12.448Z] CLI Version:   14.10.1
[debug] [2025-07-15T15:25:12.448Z] Platform:      win32
[debug] [2025-07-15T15:25:12.448Z] Node Version:  v20.18.2
[debug] [2025-07-15T15:25:12.449Z] Time:          Tue Jul 15 2025 20:55:12 GMT+0530 (India Standard Time)
[debug] [2025-07-15T15:25:12.449Z] ----------------------------------------------------------------------
[debug] 
[debug] [2025-07-15T15:25:12.456Z] > command requires scopes: ["email","openid","https://www.googleapis.com/auth/cloudplatformprojects.readonly","https://www.googleapis.com/auth/firebase","https://www.googleapis.com/auth/cloud-platform"]
[debug] [2025-07-15T15:25:12.456Z] > authorizing via signed-in user (amanbangofira@gmail.com)
[info] 
     ######## #### ########  ######## ########     ###     ######  ########
     ##        ##  ##     ## ##       ##     ##  ##   ##  ##       ##
     ######    ##  ########  ######   ########  #########  ######  ######
     ##        ##  ##    ##  ##       ##     ## ##     ##       ## ##
     ##       #### ##     ## ######## ########  ##     ##  ######  ########

You're about to initialize a Firebase project in this directory:

  C:\RRP2\careerON

Before we get started, keep in mind:

  * You are currently outside your home directory

[info] 
=== Project Setup
[info] 
[info] First, let's associate this project directory with a Firebase project.
[info] You can create multiple project aliases by running firebase use --add, 
[info] but for now we'll just set up a default project.
[info] 
[debug] [2025-07-15T15:26:15.977Z] Checked if tokens are valid: true, expires at: 1752596371785
[debug] [2025-07-15T15:26:15.987Z] Checked if tokens are valid: true, expires at: 1752596371785
[debug] [2025-07-15T15:26:16.074Z] >>> [apiv2][query] GET https://firebase.googleapis.com/v1beta1/projects pageSize=100
[debug] [2025-07-15T15:26:17.169Z] <<< [apiv2][status] GET https://firebase.googleapis.com/v1beta1/projects 200
[debug] [2025-07-15T15:26:17.169Z] <<< [apiv2][body] GET https://firebase.googleapis.com/v1beta1/projects [omitted]
[info] i  Using project careeron-45cbe (CareerOn) 
[info] 
=== Dataconnect Setup
[debug] [2025-07-15T15:26:25.367Z] Checked if tokens are valid: true, expires at: 1752596371785
[debug] [2025-07-15T15:26:25.368Z] Checked if tokens are valid: true, expires at: 1752596371785
[debug] [2025-07-15T15:26:25.369Z] >>> [apiv2][query] GET https://cloudbilling.googleapis.com/v1/projects/careeron-45cbe/billingInfo [none]
[debug] [2025-07-15T15:26:26.919Z] <<< [apiv2][status] GET https://cloudbilling.googleapis.com/v1/projects/careeron-45cbe/billingInfo 200
[debug] [2025-07-15T15:26:26.920Z] <<< [apiv2][body] GET https://cloudbilling.googleapis.com/v1/projects/careeron-45cbe/billingInfo {"name":"projects/careeron-45cbe/billingInfo","projectId":"careeron-45cbe","billingAccountName":"","billingEnabled":false}
[info] i  dataconnect: ensuring required API sqladmin.googleapis.com is enabled... 
[debug] [2025-07-15T15:26:26.931Z] Checked if tokens are valid: true, expires at: 1752596371785
[debug] [2025-07-15T15:26:26.931Z] Checked if tokens are valid: true, expires at: 1752596371785
[debug] [2025-07-15T15:26:26.931Z] >>> [apiv2][query] GET https://serviceusage.googleapis.com/v1/projects/careeron-45cbe/services/sqladmin.googleapis.com [none]
[debug] [2025-07-15T15:26:26.931Z] >>> [apiv2][(partial)header] GET https://serviceusage.googleapis.com/v1/projects/careeron-45cbe/services/sqladmin.googleapis.com x-goog-quota-user=projects/careeron-45cbe
[debug] [2025-07-15T15:26:28.933Z] <<< [apiv2][status] GET https://serviceusage.googleapis.com/v1/projects/careeron-45cbe/services/sqladmin.googleapis.com 200
[debug] [2025-07-15T15:26:28.933Z] <<< [apiv2][body] GET https://serviceusage.googleapis.com/v1/projects/careeron-45cbe/services/sqladmin.googleapis.com [omitted]
[warn] !  dataconnect: missing required API sqladmin.googleapis.com. Enabling now... 
[debug] [2025-07-15T15:26:28.940Z] Checked if tokens are valid: true, expires at: 1752596371785
[debug] [2025-07-15T15:26:28.941Z] Checked if tokens are valid: true, expires at: 1752596371785
[debug] [2025-07-15T15:26:28.941Z] >>> [apiv2][query] POST https://serviceusage.googleapis.com/v1/projects/careeron-45cbe/services/sqladmin.googleapis.com:enable [none]
[debug] [2025-07-15T15:26:28.941Z] >>> [apiv2][(partial)header] POST https://serviceusage.googleapis.com/v1/projects/careeron-45cbe/services/sqladmin.googleapis.com:enable x-goog-quota-user=projects/careeron-45cbe
[debug] [2025-07-15T15:26:29.446Z] <<< [apiv2][status] POST https://serviceusage.googleapis.com/v1/projects/careeron-45cbe/services/sqladmin.googleapis.com:enable 200
[debug] [2025-07-15T15:26:29.446Z] <<< [apiv2][body] POST https://serviceusage.googleapis.com/v1/projects/careeron-45cbe/services/sqladmin.googleapis.com:enable [omitted]
[debug] [2025-07-15T15:26:39.487Z] Checked if tokens are valid: true, expires at: 1752596371785
[debug] [2025-07-15T15:26:39.487Z] Checked if tokens are valid: true, expires at: 1752596371785
[debug] [2025-07-15T15:26:39.489Z] >>> [apiv2][query] GET https://firebasedataconnect.googleapis.com/v1/projects/careeron-45cbe/locations/-/services [none]
[debug] [2025-07-15T15:26:41.137Z] <<< [apiv2][status] GET https://firebasedataconnect.googleapis.com/v1/projects/careeron-45cbe/locations/-/services 403
[debug] [2025-07-15T15:26:41.137Z] <<< [apiv2][body] GET https://firebasedataconnect.googleapis.com/v1/projects/careeron-45cbe/locations/-/services {"error":{"code":403,"message":"Firebase Data Connect API has not been used in project careeron-45cbe before or it is disabled. Enable it by visiting https://console.developers.google.com/apis/api/firebasedataconnect.googleapis.com/overview?project=careeron-45cbe then retry. If you enabled this API recently, wait a few minutes for the action to propagate to our systems and retry.","status":"PERMISSION_DENIED","details":[{"@type":"type.googleapis.com/google.rpc.ErrorInfo","reason":"SERVICE_DISABLED","domain":"googleapis.com","metadata":{"consumer":"projects/careeron-45cbe","containerInfo":"careeron-45cbe","service":"firebasedataconnect.googleapis.com","serviceTitle":"Firebase Data Connect API","activationUrl":"https://console.developers.google.com/apis/api/firebasedataconnect.googleapis.com/overview?project=careeron-45cbe"}},{"@type":"type.googleapis.com/google.rpc.LocalizedMessage","locale":"en-US","message":"Firebase Data Connect API has not been used in project careeron-45cbe before or it is disabled. Enable it by visiting https://console.developers.google.com/apis/api/firebasedataconnect.googleapis.com/overview?project=careeron-45cbe then retry. If you enabled this API recently, wait a few minutes for the action to propagate to our systems and retry."},{"@type":"type.googleapis.com/google.rpc.Help","links":[{"description":"Google developers console API activation","url":"https://console.developers.google.com/apis/api/firebasedataconnect.googleapis.com/overview?project=careeron-45cbe"}]}]}}
[error] 
[error] Error: Request to https://firebasedataconnect.googleapis.com/v1/projects/careeron-45cbe/locations/-/services had HTTP Error: 403, Firebase Data Connect API has not been used in project careeron-45cbe before or it is disabled. Enable it by visiting https://console.developers.google.com/apis/api/firebasedataconnect.googleapis.com/overview?project=careeron-45cbe then retry. If you enabled this API recently, wait a few minutes for the action to propagate to our systems and retry.
[debug] [2025-07-15T15:26:41.256Z] Error Context: {
  "body": {
    "error": {
      "code": 403,
      "message": "Firebase Data Connect API has not been used in project careeron-45cbe before or it is disabled. Enable it by visiting https://console.developers.google.com/apis/api/firebasedataconnect.googleapis.com/overview?project=careeron-45cbe then retry. If you enabled this API recently, wait a few minutes for the action to propagate to our systems and retry.",
      "status": "PERMISSION_DENIED",
      "details": [
        {
          "@type": "type.googleapis.com/google.rpc.ErrorInfo",
          "reason": "SERVICE_DISABLED",
          "domain": "googleapis.com",
          "metadata": {
            "consumer": "projects/careeron-45cbe",
            "containerInfo": "careeron-45cbe",
            "service": "firebasedataconnect.googleapis.com",
            "serviceTitle": "Firebase Data Connect API",
            "activationUrl": "https://console.developers.google.com/apis/api/firebasedataconnect.googleapis.com/overview?project=careeron-45cbe"
          }
        },
        {
          "@type": "type.googleapis.com/google.rpc.LocalizedMessage",
          "locale": "en-US",
          "message": "Firebase Data Connect API has not been used in project careeron-45cbe before or it is disabled. Enable it by visiting https://console.developers.google.com/apis/api/firebasedataconnect.googleapis.com/overview?project=careeron-45cbe then retry. If you enabled this API recently, wait a few minutes for the action to propagate to our systems and retry."
        },
        {
          "@type": "type.googleapis.com/google.rpc.Help",
          "links": [
            {
              "description": "Google developers console API activation",
              "url": "https://console.developers.google.com/apis/api/firebasedataconnect.googleapis.com/overview?project=careeron-45cbe"
            }
          ]
        }
      ]
    }
  },
  "response": {
    "statusCode": 403
  }
}
[debug] [2025-07-15T15:26:41.560Z] Error: EPERM: operation not permitted, unlink 'C:\RRP2\careerON\firebase-debug.log'
    at Object.unlinkSync (node:fs:1885:11)
    at process.<anonymous> (C:\Users\parve\.cache\firebase\tools\lib\node_modules\firebase-tools\lib\bin\cli.js:44:16)
    at process.emit (node:events:530:35)
    at process.exit (node:internal/process/per_thread:185:15)
    at Timeout._onTimeout (C:\Users\parve\.cache\firebase\tools\lib\node_modules\firebase-tools\lib\errorOut.js:20:17)
    at listOnTimeout (node:internal/timers:581:17)
    at process.processTimers (node:internal/timers:519:7)
[error] 
[error] Error: An unexpected error has occurred.
